2020-03-25T05:55:13+00:00 DEBUG 
====Stripe Version: 4.3.2====
====Start Log====
sources/src_1GQSCqHsJ8uZR7erPxwS7KCG
====End Log====


2020-03-25T05:55:14+00:00 DEBUG 
====Stripe Version: 4.3.2====
====Start Log====
customers request: Array
(
    [email] => 1730006@upv.edu.mx
    [description] => Name: a a, Username: a
    [metadata] => Array
        (
        )

)

====End Log====


2020-03-25T05:55:14+00:00 DEBUG 
====Stripe Version: 4.3.2====
====Start Log====
customers/cus_GyP0yNEVqzGDsX/sources request: Array
(
    [source] => src_1GQSCqHsJ8uZR7erPxwS7KCG
)

====End Log====


2020-03-25T05:55:14+00:00 DEBUG 
====Stripe Version: 4.3.2====
====Start Log====
customers/cus_GyP0yNEVqzGDsX request: Array
(
    [default_source] => src_1GQSCqHsJ8uZR7erPxwS7KCG
)

====End Log====


2020-03-25T05:55:14+00:00 DEBUG 
====Stripe Version: 4.3.2====
====Start Log====
customers/cus_GyP0yNEVqzGDsX request: Array
(
    [email] => 1730006@upv.edu.mx
    [description] => Name: a a, Username: a
    [metadata] => Array
        (
        )

)

====End Log====


2020-03-25T05:55:15+00:00 DEBUG 
====Stripe Version: 4.3.2====
====Start Log====
Info: Begin processing payment for order 99 for the amount of 750.00
====End Log====


2020-03-25T05:55:15+00:00 DEBUG 
====Stripe Version: 4.3.2====
====Start Log====
payment_intents request: Array
(
    [source] => src_1GQSCqHsJ8uZR7erPxwS7KCG
    [amount] => 75000
    [currency] => mxn
    [description] => Tienda ID-TEL - Order 99
    [metadata] => Array
        (
            [customer_name] => a a
            [customer_email] => sb-3qql01285657@personal.example.com
            [order_id] => 99
        )

    [capture_method] => automatic
    [payment_method_types] => Array
        (
            [0] => card
        )

    [customer] => cus_GyP0yNEVqzGDsX
    [statement_descriptor] => WooCommerce payment
)

====End Log====


2020-03-25T05:55:15+00:00 DEBUG 
====Stripe Version: 4.3.2====
====Start Log====
Stripe PaymentIntent pi_1GQSCtHsJ8uZR7erBHiJSkly initiated for order 99
====End Log====


2020-03-25T05:55:15+00:00 DEBUG 
====Stripe Version: 4.3.2====
====Start Log====
payment_intents/pi_1GQSCtHsJ8uZR7erBHiJSkly/confirm request: Array
(
    [source] => src_1GQSCqHsJ8uZR7erPxwS7KCG
    [level3] => Array
        (
            [merchant_reference] => 99
            [shipping_amount] => 15000
            [line_items] => Array
                (
                    [0] => stdClass Object
                        (
                            [product_code] => 57
                            [product_description] => Pantalla Galaxy Grand Prim
                            [unit_cost] => 60000
                            [quantity] => 1
                            [tax_amount] => 0
                            [discount_amount] => 0
                        )

                )

            [shipping_from_zip] => 87030
        )

)

====End Log====


2020-03-25T05:55:15+00:00 DEBUG 
====Stripe Version: 4.3.2====
====Start Log====
payment_intents/pi_1GQSCtHsJ8uZR7erBHiJSkly/confirm request: Array
(
    [source] => src_1GQSCqHsJ8uZR7erPxwS7KCG
)

====End Log====


2020-03-25T05:55:16+00:00 DEBUG 
====Stripe Version: 4.3.2====
====Start Log====
Stripe PaymentIntent pi_1GQSCtHsJ8uZR7erBHiJSkly succeeded for order 99
====End Log====


2020-03-25T05:55:16+00:00 DEBUG 
====Stripe Version: 4.3.2====
====Start Log====
Processing response: stdClass Object
(
    [id] => ch_1GQSCuHsJ8uZR7erzNkVhq4V
    [object] => charge
    [amount] => 75000
    [amount_refunded] => 0
    [application] => 
    [application_fee] => 
    [application_fee_amount] => 
    [balance_transaction] => txn_1GQSCuHsJ8uZR7er4TH4dgQP
    [billing_details] => stdClass Object
        (
            [address] => stdClass Object
                (
                    [city] => a
                    [country] => MX
                    [line1] => a
                    [line2] => a
                    [postal_code] => 8777
                    [state] => TM
                )

            [email] => sb-3qql01285657@personal.example.com
            [name] => a a
            [phone] => 8340000000
        )

    [captured] => 1
    [created] => 1585115716
    [currency] => mxn
    [customer] => cus_GyP0yNEVqzGDsX
    [description] => Tienda ID-TEL - Order 99
    [destination] => 
    [dispute] => 
    [disputed] => 
    [failure_code] => 
    [failure_message] => 
    [fraud_details] => stdClass Object
        (
        )

    [invoice] => 
    [livemode] => 
    [metadata] => stdClass Object
        (
            [customer_name] => a a
            [customer_email] => sb-3qql01285657@personal.example.com
            [order_id] => 99
        )

    [on_behalf_of] => 
    [order] => 
    [outcome] => stdClass Object
        (
            [network_status] => approved_by_network
            [reason] => 
            [risk_level] => normal
            [risk_score] => 48
            [seller_message] => Payment complete.
            [type] => authorized
        )

    [paid] => 1
    [payment_intent] => pi_1GQSCtHsJ8uZR7erBHiJSkly
    [payment_method] => src_1GQSCqHsJ8uZR7erPxwS7KCG
    [payment_method_details] => stdClass Object
        (
            [card] => stdClass Object
                (
                    [brand] => visa
                    [checks] => stdClass Object
                        (
                            [address_line1_check] => pass
                            [address_postal_code_check] => pass
                            [cvc_check] => pass
                        )

                    [country] => US
                    [exp_month] => 9
                    [exp_year] => 2024
                    [fingerprint] => Bi2OgwyvNAVOQmJn
                    [funding] => credit
                    [installments] => 
                    [last4] => 4242
                    [network] => visa
                    [three_d_secure] => 
                    [wallet] => 
                )

            [type] => card
        )

    [receipt_email] => 
    [receipt_number] => 
    [receipt_url] => https://pay.stripe.com/receipts/acct_1GQS9UHsJ8uZR7er/ch_1GQSCuHsJ8uZR7erzNkVhq4V/rcpt_GyP0n0kRvzBpoWkKb9EE45iVOHxQKtI
    [refunded] => 
    [refunds] => stdClass Object
        (
            [object] => list
            [data] => Array
                (
                )

            [has_more] => 
            [total_count] => 0
            [url] => /v1/charges/ch_1GQSCuHsJ8uZR7erzNkVhq4V/refunds
        )

    [review] => 
    [shipping] => 
    [source] => stdClass Object
        (
            [id] => src_1GQSCqHsJ8uZR7erPxwS7KCG
            [object] => source
            [amount] => 
            [card] => stdClass Object
                (
                    [exp_month] => 9
                    [exp_year] => 2024
                    [last4] => 4242
                    [country] => US
                    [brand] => Visa
                    [address_line1_check] => pass
                    [address_zip_check] => pass
                    [cvc_check] => pass
                    [funding] => credit
                    [fingerprint] => Bi2OgwyvNAVOQmJn
                    [three_d_secure] => optional
                    [name] => 
                    [tokenization_method] => 
                    [dynamic_last4] => 
                )

            [client_secret] => src_client_secret_KlkaYeE7e8e2RYe4vYGDHxXK
            [created] => 1585115716
            [currency] => 
            [customer] => cus_GyP0yNEVqzGDsX
            [flow] => none
            [livemode] => 
            [metadata] => stdClass Object
                (
                )

            [owner] => stdClass Object
                (
                    [address] => stdClass Object
                        (
                            [city] => a
                            [country] => MX
                            [line1] => a
                            [line2] => a
                            [postal_code] => 8777
                            [state] => TM
                        )

                    [email] => sb-3qql01285657@personal.example.com
                    [name] => a a
                    [phone] => 8340000000
                    [verified_address] => 
                    [verified_email] => 
                    [verified_name] => 
                    [verified_phone] => 
                )

            [statement_descriptor] => 
            [status] => chargeable
            [type] => card
            [usage] => reusable
        )

    [source_transfer] => 
    [statement_descriptor] => WooCommerce payment
    [statement_descriptor_suffix] => 
    [status] => succeeded
    [transfer_data] => 
    [transfer_group] => 
)

====End Log====


2020-03-25T05:55:16+00:00 DEBUG 
====Stripe Version: 4.3.2====
====Start Log====
balance/history/txn_1GQSCuHsJ8uZR7er4TH4dgQP
====End Log====


2020-03-25T05:57:52+00:00 DEBUG 
====Stripe Version: 4.3.2====
====Start Log====
customers/cus_GyP0yNEVqzGDsX/sources request: Array
(
    [limit] => 100
)

====End Log====


2020-03-25T05:57:54+00:00 DEBUG 
====Stripe Version: 4.3.2====
====Start Log====
customers/cus_GyP0yNEVqzGDsX/sources request: Array
(
    [limit] => 100
)

====End Log====


2020-03-25T21:04:23+00:00 DEBUG 
====Stripe Version: 4.3.2====
====Start Log====
customers/cus_GyP0yNEVqzGDsX/sources request: Array
(
    [limit] => 100
)

====End Log====


2020-03-25T21:04:26+00:00 DEBUG 
====Stripe Version: 4.3.2====
====Start Log====
customers/cus_GyP0yNEVqzGDsX/sources request: Array
(
    [limit] => 100
)

====End Log====


2020-03-25T21:04:54+00:00 DEBUG 
====Stripe Version: 4.3.2====
====Start Log====
customers/cus_GyP0yNEVqzGDsX request: Array
(
    [email] => 1730006@upv.edu.mx
    [description] => Name: a a, Username: a
    [metadata] => Array
        (
        )

)

====End Log====


2020-03-25T21:04:54+00:00 DEBUG 
====Stripe Version: 4.3.2====
====Start Log====
sources/src_1GQSCqHsJ8uZR7erPxwS7KCG
====End Log====


2020-03-25T21:04:54+00:00 DEBUG 
====Stripe Version: 4.3.2====
====Start Log====
Info: Begin processing payment for order 148 for the amount of 750.00
====End Log====


2020-03-25T21:04:54+00:00 DEBUG 
====Stripe Version: 4.3.2====
====Start Log====
payment_intents request: Array
(
    [source] => src_1GQSCqHsJ8uZR7erPxwS7KCG
    [amount] => 75000
    [currency] => mxn
    [description] => Tienda ID-TEL - Order 148
    [metadata] => Array
        (
            [customer_name] => a a
            [customer_email] => sb-3qql01285657@personal.example.com
            [order_id] => 148
        )

    [capture_method] => automatic
    [payment_method_types] => Array
        (
            [0] => card
        )

    [customer] => cus_GyP0yNEVqzGDsX
    [statement_descriptor] => WooCommerce payment
)

====End Log====


2020-03-25T21:04:54+00:00 DEBUG 
====Stripe Version: 4.3.2====
====Start Log====
Stripe PaymentIntent pi_1GQgPCHsJ8uZR7erowga00YQ initiated for order 148
====End Log====


2020-03-25T21:04:55+00:00 DEBUG 
====Stripe Version: 4.3.2====
====Start Log====
payment_intents/pi_1GQgPCHsJ8uZR7erowga00YQ/confirm request: Array
(
    [source] => src_1GQSCqHsJ8uZR7erPxwS7KCG
)

====End Log====


2020-03-25T21:04:56+00:00 DEBUG 
====Stripe Version: 4.3.2====
====Start Log====
Stripe PaymentIntent pi_1GQgPCHsJ8uZR7erowga00YQ succeeded for order 148
====End Log====


2020-03-25T21:04:56+00:00 DEBUG 
====Stripe Version: 4.3.2====
====Start Log====
Processing response: stdClass Object
(
    [id] => ch_1GQgPDHsJ8uZR7erxucukjxp
    [object] => charge
    [amount] => 75000
    [amount_refunded] => 0
    [application] => 
    [application_fee] => 
    [application_fee_amount] => 
    [balance_transaction] => txn_1GQgPDHsJ8uZR7ereoRqRTr9
    [billing_details] => stdClass Object
        (
            [address] => stdClass Object
                (
                    [city] => a
                    [country] => MX
                    [line1] => a
                    [line2] => a
                    [postal_code] => 8777
                    [state] => TM
                )

            [email] => sb-3qql01285657@personal.example.com
            [name] => a a
            [phone] => 8340000000
        )

    [captured] => 1
    [created] => 1585170295
    [currency] => mxn
    [customer] => cus_GyP0yNEVqzGDsX
    [description] => Tienda ID-TEL - Order 148
    [destination] => 
    [dispute] => 
    [disputed] => 
    [failure_code] => 
    [failure_message] => 
    [fraud_details] => stdClass Object
        (
        )

    [invoice] => 
    [livemode] => 
    [metadata] => stdClass Object
        (
            [customer_name] => a a
            [customer_email] => sb-3qql01285657@personal.example.com
            [order_id] => 148
        )

    [on_behalf_of] => 
    [order] => 
    [outcome] => stdClass Object
        (
            [network_status] => approved_by_network
            [reason] => 
            [risk_level] => normal
            [risk_score] => 7
            [seller_message] => Payment complete.
            [type] => authorized
        )

    [paid] => 1
    [payment_intent] => pi_1GQgPCHsJ8uZR7erowga00YQ
    [payment_method] => src_1GQSCqHsJ8uZR7erPxwS7KCG
    [payment_method_details] => stdClass Object
        (
            [card] => stdClass Object
                (
                    [brand] => visa
                    [checks] => stdClass Object
                        (
                            [address_line1_check] => pass
                            [address_postal_code_check] => pass
                            [cvc_check] => 
                        )

                    [country] => US
                    [exp_month] => 9
                    [exp_year] => 2024
                    [fingerprint] => Bi2OgwyvNAVOQmJn
                    [funding] => credit
                    [installments] => 
                    [last4] => 4242
                    [network] => visa
                    [three_d_secure] => 
                    [wallet] => 
                )

            [type] => card
        )

    [receipt_email] => 
    [receipt_number] => 
    [receipt_url] => https://pay.stripe.com/receipts/acct_1GQS9UHsJ8uZR7er/ch_1GQgPDHsJ8uZR7erxucukjxp/rcpt_Gydgwed5Mr3vEvsaC3RG0CyzGpPUW52
    [refunded] => 
    [refunds] => stdClass Object
        (
            [object] => list
            [data] => Array
                (
                )

            [has_more] => 
            [total_count] => 0
            [url] => /v1/charges/ch_1GQgPDHsJ8uZR7erxucukjxp/refunds
        )

    [review] => 
    [shipping] => 
    [source] => stdClass Object
        (
            [id] => src_1GQSCqHsJ8uZR7erPxwS7KCG
            [object] => source
            [amount] => 
            [card] => stdClass Object
                (
                    [exp_month] => 9
                    [exp_year] => 2024
                    [last4] => 4242
                    [country] => US
                    [brand] => Visa
                    [address_line1_check] => pass
                    [address_zip_check] => pass
                    [funding] => credit
                    [fingerprint] => Bi2OgwyvNAVOQmJn
                    [three_d_secure] => optional
                    [name] => 
                    [cvc_check] => 
                    [tokenization_method] => 
                    [dynamic_last4] => 
                )

            [client_secret] => src_client_secret_KlkaYeE7e8e2RYe4vYGDHxXK
            [created] => 1585170295
            [currency] => 
            [customer] => cus_GyP0yNEVqzGDsX
            [flow] => none
            [livemode] => 
            [metadata] => stdClass Object
                (
                )

            [owner] => stdClass Object
                (
                    [address] => stdClass Object
                        (
                            [city] => a
                            [country] => MX
                            [line1] => a
                            [line2] => a
                            [postal_code] => 8777
                            [state] => TM
                        )

                    [email] => sb-3qql01285657@personal.example.com
                    [name] => a a
                    [phone] => 8340000000
                    [verified_address] => 
                    [verified_email] => 
                    [verified_name] => 
                    [verified_phone] => 
                )

            [statement_descriptor] => 
            [status] => chargeable
            [type] => card
            [usage] => reusable
        )

    [source_transfer] => 
    [statement_descriptor] => WooCommerce payment
    [statement_descriptor_suffix] => 
    [status] => succeeded
    [transfer_data] => 
    [transfer_group] => 
)

====End Log====


2020-03-25T21:04:56+00:00 DEBUG 
====Stripe Version: 4.3.2====
====Start Log====
balance/history/txn_1GQgPDHsJ8uZR7ereoRqRTr9
====End Log====


